This is pdfTeX, Version 3.14159265-2.6-1.40.20 (TeX Live 2019) (preloaded format=pdflatex 2020.2.10)  12 MAR 2020 11:24
entering extended mode
 restricted \write18 enabled.
 file:line:error style messages enabled.
 %&-line parsing enabled.
**/Users/alessio/Developer/Other/NexiFy/main.tex
(/Users/alessio/Developer/Other/NexiFy/main.tex
LaTeX2e <2020-02-02> patch level 1
L3 programming layer <2020-02-08> (/usr/local/texlive/2019basic/texmf-dist/tex/latex/base/article.cls
Document Class: article 2019/12/20 v1.4l Standard LaTeX document class
(/usr/local/texlive/2019basic/texmf-dist/tex/latex/base/size10.clo
File: size10.clo 2019/12/20 v1.4l Standard LaTeX file (size option)
)
\c@part=\count167
\c@section=\count168
\c@subsection=\count169
\c@subsubsection=\count170
\c@paragraph=\count171
\c@subparagraph=\count172
\c@figure=\count173
\c@table=\count174
\abovecaptionskip=\skip47
\belowcaptionskip=\skip48
\bibindent=\dimen134
) (/usr/local/texlive/2019basic/texmf-dist/tex/latex/base/inputenc.sty
Package: inputenc 2018/08/11 v1.3c Input encoding file
\inpenc@prehook=\toks14
\inpenc@posthook=\toks15
) (/usr/local/texlive/2019basic/texmf-dist/tex/latex/xcolor/xcolor.sty
Package: xcolor 2016/05/11 v2.12 LaTeX color extensions (UK)
 (/usr/local/texlive/2019basic/texmf-dist/tex/latex/graphics-cfg/color.cfg
File: color.cfg 2016/01/02 v1.6 sample color configuration
)
Package xcolor Info: Driver file: pdftex.def on input line 225.
 (/usr/local/texlive/2019basic/texmf-dist/tex/latex/graphics-def/pdftex.def
File: pdftex.def 2018/01/08 v1.0l Graphics/color driver for pdftex
)
Package xcolor Info: Model `cmy' substituted by `cmy0' on input line 1348.
Package xcolor Info: Model `hsb' substituted by `rgb' on input line 1352.
Package xcolor Info: Model `RGB' extended on input line 1364.
Package xcolor Info: Model `HTML' substituted by `rgb' on input line 1366.
Package xcolor Info: Model `Hsb' substituted by `hsb' on input line 1367.
Package xcolor Info: Model `tHsb' substituted by `hsb' on input line 1368.
Package xcolor Info: Model `HSB' substituted by `hsb' on input line 1369.
Package xcolor Info: Model `Gray' substituted by `gray' on input line 1370.
Package xcolor Info: Model `wave' substituted by `hsb' on input line 1371.
 (/usr/local/texlive/2019basic/texmf-dist/tex/latex/graphics/dvipsnam.def
File: dvipsnam.def 2016/06/17 v3.0m Driver-dependent file (DPC,SPQR)
)) (/usr/local/texlive/2019basic/texmf-dist/tex/latex/lm/lmodern.sty
Package: lmodern 2009/10/30 v1.6 Latin Modern Fonts
LaTeX Font Info:    Overwriting symbol font `operators' in version `normal'
(Font)                  OT1/cmr/m/n --> OT1/lmr/m/n on input line 22.
LaTeX Font Info:    Overwriting symbol font `letters' in version `normal'
(Font)                  OML/cmm/m/it --> OML/lmm/m/it on input line 23.
LaTeX Font Info:    Overwriting symbol font `symbols' in version `normal'
(Font)                  OMS/cmsy/m/n --> OMS/lmsy/m/n on input line 24.
LaTeX Font Info:    Overwriting symbol font `largesymbols' in version `normal'
(Font)                  OMX/cmex/m/n --> OMX/lmex/m/n on input line 25.
LaTeX Font Info:    Overwriting symbol font `operators' in version `bold'
(Font)                  OT1/cmr/bx/n --> OT1/lmr/bx/n on input line 26.
LaTeX Font Info:    Overwriting symbol font `letters' in version `bold'
(Font)                  OML/cmm/b/it --> OML/lmm/b/it on input line 27.
LaTeX Font Info:    Overwriting symbol font `symbols' in version `bold'
(Font)                  OMS/cmsy/b/n --> OMS/lmsy/b/n on input line 28.
LaTeX Font Info:    Overwriting symbol font `largesymbols' in version `bold'
(Font)                  OMX/cmex/m/n --> OMX/lmex/m/n on input line 29.
LaTeX Font Info:    Overwriting math alphabet `\mathbf' in version `normal'
(Font)                  OT1/cmr/bx/n --> OT1/lmr/bx/n on input line 31.
LaTeX Font Info:    Overwriting math alphabet `\mathsf' in version `normal'
(Font)                  OT1/cmss/m/n --> OT1/lmss/m/n on input line 32.
LaTeX Font Info:    Overwriting math alphabet `\mathit' in version `normal'
(Font)                  OT1/cmr/m/it --> OT1/lmr/m/it on input line 33.
LaTeX Font Info:    Overwriting math alphabet `\mathtt' in version `normal'
(Font)                  OT1/cmtt/m/n --> OT1/lmtt/m/n on input line 34.
LaTeX Font Info:    Overwriting math alphabet `\mathbf' in version `bold'
(Font)                  OT1/cmr/bx/n --> OT1/lmr/bx/n on input line 35.
LaTeX Font Info:    Overwriting math alphabet `\mathsf' in version `bold'
(Font)                  OT1/cmss/bx/n --> OT1/lmss/bx/n on input line 36.
LaTeX Font Info:    Overwriting math alphabet `\mathit' in version `bold'
(Font)                  OT1/cmr/bx/it --> OT1/lmr/bx/it on input line 37.
LaTeX Font Info:    Overwriting math alphabet `\mathtt' in version `bold'
(Font)                  OT1/cmtt/m/n --> OT1/lmtt/m/n on input line 38.
) (/usr/local/texlive/2019basic/texmf-dist/tex/latex/graphics/graphicx.sty
Package: graphicx 2019/11/30 v1.2a Enhanced LaTeX Graphics (DPC,SPQR)
 (/usr/local/texlive/2019basic/texmf-dist/tex/latex/graphics/keyval.sty
Package: keyval 2014/10/28 v1.15 key=value parser (DPC)
\KV@toks@=\toks16
) (/usr/local/texlive/2019basic/texmf-dist/tex/latex/graphics/graphics.sty
Package: graphics 2019/11/30 v1.4a Standard LaTeX Graphics (DPC,SPQR)
 (/usr/local/texlive/2019basic/texmf-dist/tex/latex/graphics/trig.sty
Package: trig 2016/01/03 v1.10 sin cos tan (DPC)
) (/usr/local/texlive/2019basic/texmf-dist/tex/latex/graphics-cfg/graphics.cfg
File: graphics.cfg 2016/06/04 v1.11 sample graphics configuration
)
Package graphics Info: Driver file: pdftex.def on input line 105.
)
\Gin@req@height=\dimen135
\Gin@req@width=\dimen136
) (/usr/local/texlive/2019basic/texmf-dist/tex/latex/tools/longtable.sty
Package: longtable 2020/01/07 v4.13 Multi-page Table package (DPC)
\LTleft=\skip49
\LTright=\skip50
\LTpre=\skip51
\LTpost=\skip52
\LTchunksize=\count175
\LTcapwidth=\dimen137
\LT@head=\box45
\LT@firsthead=\box46
\LT@foot=\box47
\LT@lastfoot=\box48
\LT@cols=\count176
\LT@rows=\count177
\c@LT@tables=\count178
\c@LT@chunks=\count179
\LT@p@ftn=\toks17
) (/usr/local/texlive/2019basic/texmf-dist/tex/latex/tools/tabularx.sty
Package: tabularx 2020/01/15 v2.11c `tabularx' package (DPC)
 (/usr/local/texlive/2019basic/texmf-dist/tex/latex/tools/array.sty
Package: array 2019/08/31 v2.4l Tabular extension package (FMi)
\col@sep=\dimen138
\ar@mcellbox=\box49
\extrarowheight=\dimen139
\NC@list=\toks18
\extratabsurround=\skip53
\backup@length=\skip54
\ar@cellbox=\box50
)
\TX@col@width=\dimen140
\TX@old@table=\dimen141
\TX@old@col=\dimen142
\TX@target=\dimen143
\TX@delta=\dimen144
\TX@cols=\count180
\TX@ftn=\toks19
) (/usr/local/texlive/2019basic/texmf-dist/tex/latex/imakeidx/imakeidx.sty
Package: imakeidx 2016/10/15 v1.3e Package for typesetting indices in a synchronous mode
 (/usr/local/texlive/2019basic/texmf-dist/tex/latex/xkeyval/xkeyval.sty
Package: xkeyval 2014/12/03 v2.7a package option processing (HA)
 (/usr/local/texlive/2019basic/texmf-dist/tex/generic/xkeyval/xkeyval.tex (/usr/local/texlive/2019basic/texmf-dist/tex/generic/xkeyval/xkvutils.tex
\XKV@toks=\toks20
\XKV@tempa@toks=\toks21
)
\XKV@depth=\count181
File: xkeyval.tex 2014/12/03 v2.7a key=value parser (HA)
)) (/usr/local/texlive/2019basic/texmf-dist/tex/generic/iftex/ifxetex.sty
Package: ifxetex 2019/10/25 v0.7 ifxetex legacy package. Use iftex instead.
 (/usr/local/texlive/2019basic/texmf-dist/tex/generic/iftex/iftex.sty
Package: iftex 2019/11/07 v1.0c TeX engine tests
)) (/usr/local/texlive/2019basic/texmf-dist/tex/generic/ifluatex/ifluatex.sty
Package: ifluatex 2019/10/25 v1.5 ifluatex legacy package. Use iftex instead.
) (/usr/local/texlive/2019basic/texmf-dist/tex/latex/tools/multicol.sty
Package: multicol 2019/12/09 v1.8y multicolumn formatting (FMi)
\c@tracingmulticols=\count182
\mult@box=\box51
\multicol@leftmargin=\dimen145
\c@unbalance=\count183
\c@collectmore=\count184
\doublecol@number=\count185
\multicoltolerance=\count186
\multicolpretolerance=\count187
\full@width=\dimen146
\page@free=\dimen147
\premulticols=\dimen148
\postmulticols=\dimen149
\multicolsep=\skip55
\multicolbaselineskip=\skip56
\partial@page=\box52
\last@line=\box53
\maxbalancingoverflow=\dimen150
\mult@rightbox=\box54
\mult@grightbox=\box55
\mult@gfirstbox=\box56
\mult@firstbox=\box57
\@tempa=\box58
\@tempa=\box59
\@tempa=\box60
\@tempa=\box61
\@tempa=\box62
\@tempa=\box63
\@tempa=\box64
\@tempa=\box65
\@tempa=\box66
\@tempa=\box67
\@tempa=\box68
\@tempa=\box69
\@tempa=\box70
\@tempa=\box71
\@tempa=\box72
\@tempa=\box73
\@tempa=\box74
\@tempa=\box75
\@tempa=\box76
\@tempa=\box77
\@tempa=\box78
\@tempa=\box79
\@tempa=\box80
\@tempa=\box81
\@tempa=\box82
\@tempa=\box83
\@tempa=\box84
\@tempa=\box85
\@tempa=\box86
\@tempa=\box87
\@tempa=\box88
\@tempa=\box89
\@tempa=\box90
\@tempa=\box91
\@tempa=\box92
\@tempa=\box93
\@tempa=\box94
\c@minrows=\count188
\c@columnbadness=\count189
\c@finalcolumnbadness=\count190
\last@try=\dimen151
\multicolovershoot=\dimen152
\multicolundershoot=\dimen153
\mult@nat@firstbox=\box95
\colbreak@box=\box96
\mc@col@check@num=\count191
))
\main@idxfile=\write3
\openout3 = `main.idx'.


Writing index file main.idx
(/usr/local/texlive/2019basic/texmf-dist/tex/latex/amsmath/amsmath.sty
Package: amsmath 2020/01/20 v2.17e AMS math features
\@mathmargin=\skip57

For additional information on amsmath, use the `?' option.
(/usr/local/texlive/2019basic/texmf-dist/tex/latex/amsmath/amstext.sty
Package: amstext 2000/06/29 v2.01 AMS text
 (/usr/local/texlive/2019basic/texmf-dist/tex/latex/amsmath/amsgen.sty
File: amsgen.sty 1999/11/30 v2.0 generic functions
\@emptytoks=\toks22
\ex@=\dimen154
)) (/usr/local/texlive/2019basic/texmf-dist/tex/latex/amsmath/amsbsy.sty
Package: amsbsy 1999/11/29 v1.2d Bold Symbols
\pmbraise@=\dimen155
) (/usr/local/texlive/2019basic/texmf-dist/tex/latex/amsmath/amsopn.sty
Package: amsopn 2016/03/08 v2.02 operator names
)
\inf@bad=\count192
LaTeX Info: Redefining \frac on input line 227.
\uproot@=\count193
\leftroot@=\count194
LaTeX Info: Redefining \overline on input line 389.
\classnum@=\count195
\DOTSCASE@=\count196
LaTeX Info: Redefining \ldots on input line 486.
LaTeX Info: Redefining \dots on input line 489.
LaTeX Info: Redefining \cdots on input line 610.
\Mathstrutbox@=\box97
\strutbox@=\box98
\big@size=\dimen156
LaTeX Font Info:    Redeclaring font encoding OML on input line 733.
LaTeX Font Info:    Redeclaring font encoding OMS on input line 734.
\macc@depth=\count197
\c@MaxMatrixCols=\count198
\dotsspace@=\muskip16
\c@parentequation=\count199
\dspbrk@lvl=\count266
\tag@help=\toks23
\row@=\count267
\column@=\count268
\maxfields@=\count269
\andhelp@=\toks24
\eqnshift@=\dimen157
\alignsep@=\dimen158
\tagshift@=\dimen159
\tagwidth@=\dimen160
\totwidth@=\dimen161
\lineht@=\dimen162
\@envbody=\toks25
\multlinegap=\skip58
\multlinetaggap=\skip59
\mathdisplay@stack=\toks26
LaTeX Info: Redefining \[ on input line 2859.
LaTeX Info: Redefining \] on input line 2860.
) (/usr/local/texlive/2019basic/texmf-dist/tex/latex/paralist/paralist.sty
Package: paralist 2017/01/22 v2.7 Extended list environments
\pltopsep=\skip60
\plpartopsep=\skip61
\plitemsep=\skip62
\plparsep=\skip63
\pl@lab=\toks27
) (/usr/local/texlive/2019basic/texmf-dist/tex/latex/enumitem/enumitem.sty
Package: enumitem 2019/06/20 v3.9 Customized lists
\labelindent=\skip64
\enit@outerparindent=\dimen163
\enit@toks=\toks28
\enit@inbox=\box99
\enit@count@id=\count270
\enitdp@description=\count271
) (/usr/local/texlive/2019basic/texmf-dist/tex/latex/hyperref/hyperref.sty
Package: hyperref 2020/01/14 v7.00d Hypertext links for LaTeX
 (/usr/local/texlive/2019basic/texmf-dist/tex/generic/ltxcmds/ltxcmds.sty
Package: ltxcmds 2019/12/15 v1.24 LaTeX kernel commands for general use (HO)
) (/usr/local/texlive/2019basic/texmf-dist/tex/latex/pdftexcmds/pdftexcmds.sty
Package: pdftexcmds 2019/11/24 v0.31 Utility functions of pdfTeX for LuaTeX (HO)
 (/usr/local/texlive/2019basic/texmf-dist/tex/generic/infwarerr/infwarerr.sty
Package: infwarerr 2019/12/03 v1.5 Providing info/warning/error messages (HO)
)
Package pdftexcmds Info: \pdf@primitive is available.
Package pdftexcmds Info: \pdf@ifprimitive is available.
Package pdftexcmds Info: \pdfdraftmode found.
) (/usr/local/texlive/2019basic/texmf-dist/tex/generic/kvsetkeys/kvsetkeys.sty
Package: kvsetkeys 2019/12/15 v1.18 Key value parser (HO)
) (/usr/local/texlive/2019basic/texmf-dist/tex/generic/kvdefinekeys/kvdefinekeys.sty
Package: kvdefinekeys 2019-12-19 v1.6 Define keys (HO)
) (/usr/local/texlive/2019basic/texmf-dist/tex/generic/pdfescape/pdfescape.sty
Package: pdfescape 2019/12/09 v1.15 Implements pdfTeX's escape features (HO)
) (/usr/local/texlive/2019basic/texmf-dist/tex/latex/hycolor/hycolor.sty
Package: hycolor 2020-01-27 v1.10 Color options for hyperref/bookmark (HO)
) (/usr/local/texlive/2019basic/texmf-dist/tex/latex/letltxmacro/letltxmacro.sty
Package: letltxmacro 2019/12/03 v1.6 Let assignment for LaTeX macros (HO)
) (/usr/local/texlive/2019basic/texmf-dist/tex/latex/auxhook/auxhook.sty
Package: auxhook 2019-12-17 v1.6 Hooks for auxiliary files (HO)
) (/usr/local/texlive/2019basic/texmf-dist/tex/latex/kvoptions/kvoptions.sty
Package: kvoptions 2019/11/29 v3.13 Key value format for package options (HO)
)
\@linkdim=\dimen164
\Hy@linkcounter=\count272
\Hy@pagecounter=\count273
 (/usr/local/texlive/2019basic/texmf-dist/tex/latex/hyperref/pd1enc.def
File: pd1enc.def 2020/01/14 v7.00d Hyperref: PDFDocEncoding definition (HO)
Now handling font encoding PD1 ...
... no UTF-8 mapping file for font encoding PD1
) (/usr/local/texlive/2019basic/texmf-dist/tex/generic/intcalc/intcalc.sty
Package: intcalc 2019/12/15 v1.3 Expandable calculations with integers (HO)
) (/usr/local/texlive/2019basic/texmf-dist/tex/generic/etexcmds/etexcmds.sty
Package: etexcmds 2019/12/15 v1.7 Avoid name clashes with e-TeX commands (HO)
)
\Hy@SavedSpaceFactor=\count274
\pdfmajorversion=\count275
Package hyperref Info: Hyper figures OFF on input line 4547.
Package hyperref Info: Link nesting OFF on input line 4552.
Package hyperref Info: Hyper index ON on input line 4555.
Package hyperref Info: Plain pages OFF on input line 4562.
Package hyperref Info: Backreferencing OFF on input line 4567.
Package hyperref Info: Implicit mode ON; LaTeX internals redefined.
Package hyperref Info: Bookmarks ON on input line 4800.
\c@Hy@tempcnt=\count276
 (/usr/local/texlive/2019basic/texmf-dist/tex/latex/url/url.sty
\Urlmuskip=\muskip17
Package: url 2013/09/16  ver 3.4  Verb mode for urls, etc.
)
LaTeX Info: Redefining \url on input line 5159.
\XeTeXLinkMargin=\dimen165
 (/usr/local/texlive/2019basic/texmf-dist/tex/generic/bitset/bitset.sty
Package: bitset 2019/12/09 v1.3 Handle bit-vector datatype (HO)
 (/usr/local/texlive/2019basic/texmf-dist/tex/generic/bigintcalc/bigintcalc.sty
Package: bigintcalc 2019/12/15 v1.5 Expandable calculations on big integers (HO)
))
\Fld@menulength=\count277
\Field@Width=\dimen166
\Fld@charsize=\dimen167
Package hyperref Info: Hyper figures OFF on input line 6430.
Package hyperref Info: Link nesting OFF on input line 6435.
Package hyperref Info: Hyper index ON on input line 6438.
Package hyperref Info: backreferencing OFF on input line 6445.
Package hyperref Info: Link coloring OFF on input line 6450.
Package hyperref Info: Link coloring with OCG OFF on input line 6455.
Package hyperref Info: PDF/A mode OFF on input line 6460.
LaTeX Info: Redefining \ref on input line 6500.
LaTeX Info: Redefining \pageref on input line 6504.
 (/usr/local/texlive/2019basic/texmf-dist/tex/generic/atbegshi/atbegshi.sty
Package: atbegshi 2019/12/05 v1.19 At begin shipout hook (HO)
)
\Hy@abspage=\count278
\c@Item=\count279
\c@Hfootnote=\count280
)
Package hyperref Info: Driver (autodetected): hpdftex.
 (/usr/local/texlive/2019basic/texmf-dist/tex/latex/hyperref/hpdftex.def
File: hpdftex.def 2020/01/14 v7.00d Hyperref driver for pdfTeX
 (/usr/local/texlive/2019basic/texmf-dist/tex/latex/atveryend/atveryend.sty
Package: atveryend 2019-12-11 v1.11 Hooks at the very end of document (HO)
Package atveryend Info: \enddocument detected (standard20110627).
)
\Fld@listcount=\count281
\c@bookmark@seq@number=\count282
 (/usr/local/texlive/2019basic/texmf-dist/tex/latex/rerunfilecheck/rerunfilecheck.sty
Package: rerunfilecheck 2019/12/05 v1.9 Rerun checks for auxiliary files (HO)
 (/usr/local/texlive/2019basic/texmf-dist/tex/generic/uniquecounter/uniquecounter.sty
Package: uniquecounter 2019/12/15 v1.4 Provide unlimited unique counter (HO)
)
Package uniquecounter Info: New unique counter `rerunfilecheck' on input line 286.
)
\Hy@SectionHShift=\skip65
) (/usr/local/texlive/2019basic/texmf-dist/tex/latex/makecell/makecell.sty
Package: makecell 2009/08/03 V0.1e Managing of Tab Column Heads and Cells
\rotheadsize=\dimen168
\c@nlinenum=\count283
\TeXr@lab=\toks29
) (/usr/local/texlive/2019basic/texmf-dist/tex/latex/caption/caption.sty
Package: caption 2020/01/03 v3.4h Customizing captions (AR)
 (/usr/local/texlive/2019basic/texmf-dist/tex/latex/caption/caption3.sty
Package: caption3 2020/01/03 v1.8h caption3 kernel (AR)
Package caption3 Info: TeX engine: e-TeX on input line 61.
\captionmargin=\dimen169
\captionmargin@=\dimen170
\captionwidth=\dimen171
\caption@tempdima=\dimen172
\caption@indent=\dimen173
\caption@parindent=\dimen174
\caption@hangindent=\dimen175
Package caption Info: Standard document class detected.
)
\c@caption@flags=\count284
\c@continuedfloat=\count285
Package caption Info: hyperref package is loaded.
Package caption Info: longtable package is loaded.
 (/usr/local/texlive/2019basic/texmf-dist/tex/latex/caption/ltcaption.sty
Package: ltcaption 2018/08/26 v1.4a longtable captions (AR)
)) (/usr/local/texlive/2019basic/texmf-dist/tex/latex/morefloats/morefloats.sty
Package: morefloats 2015/07/22 v1.0h Raise limit of unprocessed floats (HMM)
Package morefloats Info: Maximum number of possible floats asked for: 256
(morefloats)             (i.e. 238 more floats).
(morefloats)             LaTeX might run out of memory before this
(morefloats)             (in which case it will notify you).
) (/usr/local/texlive/2019basic/texmf-dist/tex/latex/eurosym/eurosym.sty
Package: eurosym 1998/08/06 v1.1 European currency symbol ``Euro''
\@eurobox=\box100
)
   defining Unicode char U+20AC (decimal 8364)
 (/usr/local/texlive/2019basic/texmf-dist/tex/latex/l3backend/l3backend-pdfmode.def
File: l3backend-pdfmode.def 2020-02-03 L3 backend support: PDF mode
\l__kernel_color_stack_int=\count286
\l__pdf_internal_box=\box101
) (/Users/alessio/Developer/Other/NexiFy/main.aux)
\openout1 = `main.aux'.

LaTeX Font Info:    Checking defaults for OML/cmm/m/it on input line 28.
LaTeX Font Info:    ... okay on input line 28.
LaTeX Font Info:    Checking defaults for OMS/cmsy/m/n on input line 28.
LaTeX Font Info:    ... okay on input line 28.
LaTeX Font Info:    Checking defaults for OT1/cmr/m/n on input line 28.
LaTeX Font Info:    ... okay on input line 28.
LaTeX Font Info:    Checking defaults for T1/cmr/m/n on input line 28.
LaTeX Font Info:    ... okay on input line 28.
LaTeX Font Info:    Checking defaults for TS1/cmr/m/n on input line 28.
LaTeX Font Info:    ... okay on input line 28.
LaTeX Font Info:    Checking defaults for OMX/cmex/m/n on input line 28.
LaTeX Font Info:    ... okay on input line 28.
LaTeX Font Info:    Checking defaults for U/cmr/m/n on input line 28.
LaTeX Font Info:    ... okay on input line 28.
LaTeX Font Info:    Checking defaults for PD1/pdf/m/n on input line 28.
LaTeX Font Info:    ... okay on input line 28.
LaTeX Font Info:    Trying to load font information for OT1+lmr on input line 28.
 (/usr/local/texlive/2019basic/texmf-dist/tex/latex/lm/ot1lmr.fd
File: ot1lmr.fd 2009/10/30 v1.6 Font defs for Latin Modern
) (/usr/local/texlive/2019basic/texmf-dist/tex/context/base/mkii/supp-pdf.mkii
[Loading MPS to PDF converter (version 2006.09.02).]
\scratchcounter=\count287
\scratchdimen=\dimen176
\scratchbox=\box102
\nofMPsegments=\count288
\nofMParguments=\count289
\everyMPshowfont=\toks30
\MPscratchCnt=\count290
\MPscratchDim=\dimen177
\MPnumerator=\count291
\makeMPintoPDFobject=\count292
\everyMPtoPDFconversion=\toks31
) (/usr/local/texlive/2019basic/texmf-dist/tex/latex/epstopdf-pkg/epstopdf-base.sty
Package: epstopdf-base 2020-01-24 v2.11 Base part for package epstopdf
 (/usr/local/texlive/2019basic/texmf-dist/tex/latex/grfext/grfext.sty
Package: grfext 2019/12/03 v1.3 Manage graphics extensions (HO)
)
Package epstopdf-base Info: Redefining graphics rule for `.eps' on input line 485.
Package grfext Info: Graphics extension search list:
(grfext)             [.pdf,.png,.jpg,.mps,.jpeg,.jbig2,.jb2,.PDF,.PNG,.JPG,.JPEG,.JBIG2,.JB2,.eps]
(grfext)             \AppendGraphicsExtensions on input line 504.
 (/usr/local/texlive/2019basic/texmf-dist/tex/latex/latexconfig/epstopdf-sys.cfg
File: epstopdf-sys.cfg 2010/07/13 v1.3 Configuration of (r)epstopdf for TeX Live
))
\AtBeginShipoutBox=\box103
Package hyperref Info: Link coloring OFF on input line 28.
 (/usr/local/texlive/2019basic/texmf-dist/tex/latex/hyperref/nameref.sty
Package: nameref 2019/09/16 v2.46 Cross-referencing by name of section
 (/usr/local/texlive/2019basic/texmf-dist/tex/latex/refcount/refcount.sty
Package: refcount 2019/12/15 v3.6 Data extraction from label references (HO)
) (/usr/local/texlive/2019basic/texmf-dist/tex/generic/gettitlestring/gettitlestring.sty
Package: gettitlestring 2019/12/15 v1.6 Cleanup title references (HO)
)
\c@section@level=\count293
)
LaTeX Info: Redefining \ref on input line 28.
LaTeX Info: Redefining \pageref on input line 28.
LaTeX Info: Redefining \nameref on input line 28.
 (/Users/alessio/Developer/Other/NexiFy/main.out) (/Users/alessio/Developer/Other/NexiFy/main.out)
\@outlinefile=\write4
\openout4 = `main.out'.

Package caption Info: Begin \AtBeginDocument code.
Package caption Info: End \AtBeginDocument code.
LaTeX Font Info:    Trying to load font information for OT1+lmss on input line 31.
 (/usr/local/texlive/2019basic/texmf-dist/tex/latex/lm/ot1lmss.fd
File: ot1lmss.fd 2009/10/30 v1.6 Font defs for Latin Modern
)
<images/worldCDN.png, id=132, 325.215pt x 153.2124pt>
File: images/worldCDN.png Graphic file (type png)
<use images/worldCDN.png>
Package pdftex.def Info: images/worldCDN.png  used on input line 41.
(pdftex.def)             Requested size: 325.2142pt x 153.212pt.
 [1

{/usr/local/texlive/2019basic/texmf-var/fonts/map/pdftex/updmap/pdftex.map} </Users/alessio/Developer/Other/NexiFy/images/worldCDN.png>]
runsystem(makeindex main.idx)...executed safely (allowed).

 (/Users/alessio/Developer/Other/NexiFy/main.ind) (/Users/alessio/Developer/Other/NexiFy/main.toc
LaTeX Font Info:    Trying to load font information for OML+lmm on input line 3.
 (/usr/local/texlive/2019basic/texmf-dist/tex/latex/lm/omllmm.fd
File: omllmm.fd 2009/10/30 v1.6 Font defs for Latin Modern
)
LaTeX Font Info:    Trying to load font information for OMS+lmsy on input line 3.
 (/usr/local/texlive/2019basic/texmf-dist/tex/latex/lm/omslmsy.fd
File: omslmsy.fd 2009/10/30 v1.6 Font defs for Latin Modern
)
LaTeX Font Info:    Trying to load font information for OMX+lmex on input line 3.
 (/usr/local/texlive/2019basic/texmf-dist/tex/latex/lm/omxlmex.fd
File: omxlmex.fd 2009/10/30 v1.6 Font defs for Latin Modern
)
LaTeX Font Info:    External font `lmex10' loaded for size
(Font)              <10> on input line 3.
LaTeX Font Info:    External font `lmex10' loaded for size
(Font)              <7> on input line 3.
LaTeX Font Info:    External font `lmex10' loaded for size
(Font)              <5> on input line 3.
)
\tf@toc=\write5
\openout5 = `main.toc'.

 [2

] (/Users/alessio/Developer/Other/NexiFy/Contents/Glossario.tex
LaTeX Font Info:    Trying to load font information for TS1+lmr on input line 5.
 (/usr/local/texlive/2019basic/texmf-dist/tex/latex/lm/ts1lmr.fd
File: ts1lmr.fd 2009/10/30 v1.6 Font defs for Latin Modern
)) [3
\indexentry{Index|hyperpage}{3}
] (/Users/alessio/Developer/Other/NexiFy/Contents/VisioneDelSistema.tex
Underfull \hbox (badness 10000) in paragraph at lines 1--2

 []


Underfull \hbox (badness 10000) in paragraph at lines 12--14

 []

) (/Users/alessio/Developer/Other/NexiFy/Contents/ConfigurazioneSistemaConsegna.tex
Overfull \hbox (0.34048pt too wide) in paragraph at lines 5--6
[]\OT1/lmr/m/n/10 Ascoltare brani mu-si-cali pre-senti sulla pi-attaforma \OT1/lmr/bx/n/10 con \OT1/lmr/m/n/10 lim-iti di scelta
 []


Overfull \hbox (17.36009pt too wide) in paragraph at lines 12--13
[]\OT1/lmr/m/n/10 Scaricare su dis-pos-i-tivo, tramite app mo-bile, brani mu-si-cali per usufruirne
 []

[4
\indexentry{Index|hyperpage}{4}
]
Overfull \hbox (17.36009pt too wide) in paragraph at lines 20--21
[]\OT1/lmr/m/n/10 Scaricare su dis-pos-i-tivo, tramite app mo-bile, brani mu-si-cali per usufruirne
 []


Overfull \hbox (8.80547pt too wide) in paragraph at lines 38--42
\OT1/lmr/m/n/10 novo au-to-matico di con-tratto che ri-corre ogni pe-ri-odo (a sec-onda dell'abbonamento
 []


Underfull \hbox (badness 10000) in paragraph at lines 38--42

 []

) (/Users/alessio/Developer/Other/NexiFy/Contents/Vincoli.tex [5
\indexentry{Index|hyperpage}{5}
]) [6
\indexentry{Index|hyperpage}{6}
] (/Users/alessio/Developer/Other/NexiFy/Contents/StudioDiFattibilita.tex [7]
Underfull \hbox (badness 10000) in paragraph at lines 40--41

 []


Underfull \hbox (badness 10000) in paragraph at lines 40--41

 []

)
Underfull \hbox (badness 10000) in paragraph at lines 43--71

 []


Overfull \hbox (36.29434pt too wide) in paragraph at lines 43--71
[]
 []

[8
\indexentry{Index|hyperpage}{8}
] (/Users/alessio/Developer/Other/NexiFy/Contents/Contratto.tex
Underfull \hbox (badness 10000) in paragraph at lines 16--27

 []

[9]) [10
\indexentry{Index|hyperpage}{10}
] (/Users/alessio/Developer/Other/NexiFy/Contents/PianificazioneProgetto.tex
<images/RUPplan.png, id=221, 857.2025pt x 515.9275pt>
File: images/RUPplan.png Graphic file (type png)
<use images/RUPplan.png>
Package pdftex.def Info: images/RUPplan.png  used on input line 27.
(pdftex.def)             Requested size: 341.43306pt x 205.50137pt.

Overfull \hbox (11.43306pt too wide) in paragraph at lines 27--28
[][] 
 []


Overfull \hbox (20.70093pt too wide) in paragraph at lines 33--50
 [] 
 []

[11 </Users/alessio/Developer/Other/NexiFy/images/RUPplan.png>]
Overfull \hbox (20.70093pt too wide) in paragraph at lines 51--67
 [][] 
 []


Overfull \hbox (20.70093pt too wide) in paragraph at lines 68--88
 [][] 
 []

[12]
Overfull \hbox (20.70093pt too wide) in paragraph at lines 89--104
 [][] 
 []


Overfull \hbox (20.70093pt too wide) in paragraph at lines 105--122
 [][] 
 []

[13]
Overfull \hbox (20.70093pt too wide) in paragraph at lines 123--144
 [][] 
 []

[14]
Overfull \hbox (20.70093pt too wide) in paragraph at lines 145--173
 [][] 
 []

[15]
Overfull \hbox (20.70093pt too wide) in paragraph at lines 174--194
 [][] 
 []

[16]
Overfull \hbox (20.70093pt too wide) in paragraph at lines 195--214
 [][] 
 []


Overfull \hbox (20.70093pt too wide) in paragraph at lines 215--235
 [][] 
 []


Overfull \hbox (20.70093pt too wide) in paragraph at lines 236--252
 [][] 
 []

[17]
Overfull \hbox (20.70093pt too wide) in paragraph at lines 253--268
 [][] 
 []


Overfull \hbox (20.70093pt too wide) in paragraph at lines 269--284
 [][] 
 []

[18]
Overfull \hbox (20.70093pt too wide) in paragraph at lines 285--298
 [][] 
 []

<./images/Gantt_NexiFy.jpg, id=257, 1958.31625pt x 675.52374pt>
File: ./images/Gantt_NexiFy.jpg Graphic file (type jpg)
<use ./images/Gantt_NexiFy.jpg>
Package pdftex.def Info: ./images/Gantt_NexiFy.jpg  used on input line 305.
(pdftex.def)             Requested size: 455.24408pt x 157.03703pt.

Overfull \hbox (53.33858pt too wide) in paragraph at lines 305--306
 | [] 
 []

[19] [20 <./images/Gantt_NexiFy.jpg>]
LaTeX Font Info:    External font `lmex10' loaded for size
(Font)              <8> on input line 317.
LaTeX Font Info:    External font `lmex10' loaded for size
(Font)              <6> on input line 317.
)
Underfull \hbox (badness 10000) in paragraph at lines 310--81

 []


Overfull \hbox (17.95918pt too wide) in paragraph at lines 310--81
[]
 []

[21


\indexentry{Index|hyperpage}{21}
] (/Users/alessio/Developer/Other/NexiFy/Contents/AnalisiRequisiti.tex [22] [23] [24]
Overfull \hbox (20.5339pt too wide) in paragraph at lines 199--200
[]\OT1/lmr/m/n/10 Descrizione: per-me-tte la reg-is-trazione di un nuovo utente (richiedendo
 []

[25]
Overfull \hbox (47.06088pt too wide) in paragraph at lines 259--260
\OT1/lmr/m/n/10 bona-mento sot-to-scritto (evi-tando quindi il prossimo rin-novo, l'abbonamento
 []

[26] [27]
Overfull \hbox (11.67278pt too wide) in paragraph at lines 374--375
[]\OT1/lmr/m/n/10 Descrizione: per-me-tte ad utenti reg-is-trati di ag-giun-gere un []prodotto[]
 []


Overfull \hbox (7.81157pt too wide) in paragraph at lines 380--381
[]\OT1/lmr/m/n/10 Descrizione: per-me-tte ad utenti reg-is-trati di rimuo-vere un prodotto
 []

[28]
Overfull \hbox (12.17213pt too wide) in paragraph at lines 421--422
[]\OT1/lmr/m/n/10 Descrizione: per-me-tte di com-mentare un con-tenuto (sin-goli []prodotti[]
 []

[29] [30])
Underfull \hbox (badness 10000) in paragraph at lines 528--86

 []


Overfull \hbox (3.10698pt too wide) in paragraph at lines 528--86
[]
 []

[31
\indexentry{Index|hyperpage}{31}
] (/Users/alessio/Developer/Other/NexiFy/Contents/GestioneDeiRischi.tex
Underfull \hbox (badness 10000) in paragraph at lines 9--11

 []


Overfull \hbox (2.30655pt too wide) in paragraph at lines 49--49
[]|\OT1/lmr/bx/n/10 Management| 
 []


Overfull \hbox (30.01045pt too wide) in paragraph at lines 33--52
[][] 
 []


Overfull \hbox (2.30655pt too wide) in paragraph at lines 69--69
[]|\OT1/lmr/bx/n/10 Management| 
 []


Overfull \hbox (30.01045pt too wide) in paragraph at lines 53--72
[][] 
 []

[32] [33]
Underfull \hbox (badness 8094) in paragraph at lines 87--88
[]|\OT1/lmr/m/n/10 Mantenere una co-mu-ni-cazione tra dipen-denti e resto
 []


Overfull \hbox (2.30655pt too wide) in paragraph at lines 89--89
[]|\OT1/lmr/bx/n/10 Management| 
 []


Overfull \hbox (30.01045pt too wide) in paragraph at lines 73--92
[][] 
 []


Overfull \hbox (2.30655pt too wide) in paragraph at lines 110--110
[]|\OT1/lmr/bx/n/10 Management| 
 []


Overfull \hbox (30.01045pt too wide) in paragraph at lines 94--113
[][] 
 []

[34

] [35]
Overfull \hbox (2.30655pt too wide) in paragraph at lines 130--130
[]|\OT1/lmr/bx/n/10 Management| 
 []


Overfull \hbox (30.01045pt too wide) in paragraph at lines 114--133
[][] 
 []


Overfull \hbox (2.30655pt too wide) in paragraph at lines 151--151
[]|\OT1/lmr/bx/n/10 Management| 
 []


Overfull \hbox (30.01045pt too wide) in paragraph at lines 135--154
[][] 
 []

[36

]
Overfull \hbox (2.30655pt too wide) in paragraph at lines 171--171
[]|\OT1/lmr/bx/n/10 Management| 
 []


Overfull \hbox (30.01045pt too wide) in paragraph at lines 155--174
[][] 
 []

[37]
Overfull \hbox (2.30655pt too wide) in paragraph at lines 192--192
[]|\OT1/lmr/bx/n/10 Management| 
 []


Overfull \hbox (30.01045pt too wide) in paragraph at lines 176--195
[][] 
 []

[38]
Underfull \hbox (badness 1577) in paragraph at lines 211--212
[]|\OT1/lmr/m/n/10 Esaminare pe-ri-odica-mente l'andamento dell'iterazione cor-
 []


Overfull \hbox (2.30655pt too wide) in paragraph at lines 213--213
[]|\OT1/lmr/bx/n/10 Management| 
 []


Overfull \hbox (30.01045pt too wide) in paragraph at lines 197--216
[][] 
 []

[39]
Overfull \hbox (2.30655pt too wide) in paragraph at lines 234--234
[]|\OT1/lmr/bx/n/10 Management| 
 []


Overfull \hbox (30.01045pt too wide) in paragraph at lines 218--237
[][] 
 []

[40] [41])
Underfull \hbox (badness 10000) in paragraph at lines 241--91

 []


Overfull \hbox (80.11244pt too wide) in paragraph at lines 241--91
[]
 []

[42
\indexentry{Index|hyperpage}{42}
] (/Users/alessio/Developer/Other/NexiFy/Contents/ModelloUC.tex
\c@ucCounter=\count294

Underfull \hbox (badness 10000) in paragraph at lines 17--18

 []


Overfull \hbox (21.58418pt too wide) in paragraph at lines 22--23
[]\OT1/lmr/bx/n/12 Livello\OT1/lmr/m/n/12 : in-dica il grado di ril-e-vanza dell'attore all'interno dell'intero
 []


Underfull \hbox (badness 10000) in paragraph at lines 28--29

 []


Overfull \hbox (0.74559pt too wide) in paragraph at lines 31--32
\OT1/lmr/m/n/12 as-sumere i val-ori \OT1/lmr/m/it/12 Ab-bona-menti, Ac-count, Prodotti, Seg-nalazioni,
 []

[43]
Overfull \hbox (5.44347pt too wide) in paragraph at lines 37--38
[]\OT1/lmr/bx/n/12 Post-condizioni\OT1/lmr/m/n/12 : Con-dizioni che de-vono es-sere ver-ifi-cate subito
 []

LaTeX Font Info:    External font `lmex10' loaded for size
(Font)              <12> on input line 49.

Overfull \hbox (1.0914pt too wide) in paragraph at lines 56--56
[]|\OT1/lmr/m/n/12 Descrizione| 
 []


Underfull \hbox (badness 1622) in paragraph at lines 56--56
[]|\OT1/lmr/m/n/12 L' Utente ^^Re il ruolo as-sunto da tutti col-oro che
 []


Overfull \hbox (20.70093pt too wide) in paragraph at lines 49--59
 [] 
 []


Overfull \hbox (1.0914pt too wide) in paragraph at lines 67--67
[]|\OT1/lmr/m/n/12 Descrizione| 
 []


Overfull \hbox (20.70093pt too wide) in paragraph at lines 60--70
 [][] 
 []

[44]
Overfull \hbox (1.0914pt too wide) in paragraph at lines 78--78
[]|\OT1/lmr/m/n/12 Descrizione| 
 []


Overfull \hbox (20.70093pt too wide) in paragraph at lines 71--81
 [][] 
 []


Overfull \hbox (1.0914pt too wide) in paragraph at lines 89--89
[]|\OT1/lmr/m/n/12 Descrizione| 
 []


Overfull \hbox (20.70093pt too wide) in paragraph at lines 82--92
 [][] 
 []

[45]
Overfull \hbox (1.0914pt too wide) in paragraph at lines 100--100
[]|\OT1/lmr/m/n/12 Descrizione| 
 []


Overfull \hbox (20.70093pt too wide) in paragraph at lines 93--103
 [][] 
 []


Overfull \hbox (1.0914pt too wide) in paragraph at lines 111--111
[]|\OT1/lmr/m/n/12 Descrizione| 
 []


Overfull \hbox (20.70093pt too wide) in paragraph at lines 104--114
 [][] 
 []

[46]
Overfull \hbox (1.0914pt too wide) in paragraph at lines 122--122
[]|\OT1/lmr/m/n/12 Descrizione| 
 []


Overfull \hbox (20.70093pt too wide) in paragraph at lines 115--125
 [][] 
 []


Overfull \hbox (1.0914pt too wide) in paragraph at lines 133--133
[]|\OT1/lmr/m/n/12 Descrizione| 
 []


Overfull \hbox (20.70093pt too wide) in paragraph at lines 126--136
 [][] 
 []

[47]
Overfull \hbox (1.0914pt too wide) in paragraph at lines 144--144
[]|\OT1/lmr/m/n/12 Descrizione| 
 []


Overfull \hbox (20.70093pt too wide) in paragraph at lines 137--147
 [][] 
 []


Overfull \hbox (1.0914pt too wide) in paragraph at lines 155--155
[]|\OT1/lmr/m/n/12 Descrizione| 
 []


Overfull \hbox (20.70093pt too wide) in paragraph at lines 148--158
 [][] 
 []

[48]
Overfull \hbox (1.0914pt too wide) in paragraph at lines 166--166
[]|\OT1/lmr/m/n/12 Descrizione| 
 []


Overfull \hbox (20.70093pt too wide) in paragraph at lines 159--169
 [][] 
 []


Overfull \hbox (1.0914pt too wide) in paragraph at lines 177--177
[]|\OT1/lmr/m/n/12 Descrizione| 
 []


Overfull \hbox (20.70093pt too wide) in paragraph at lines 170--180
 [][] 
 []

[49]
Overfull \hbox (1.0914pt too wide) in paragraph at lines 193--193
[]|\OT1/lmr/m/n/12 Descrizione| 
 []


Overfull \hbox (35.70093pt too wide) in paragraph at lines 188--197
[][]
 []


Underfull \hbox (badness 10000) in paragraph at lines 188--197

 []


Overfull \hbox (1.0914pt too wide) in paragraph at lines 203--203
[]|\OT1/lmr/m/n/12 Descrizione| 
 []


Overfull \hbox (35.70093pt too wide) in paragraph at lines 198--207
[][]
 []


Underfull \hbox (badness 10000) in paragraph at lines 198--207

 []

[50]
\c@tmpCounter=\count295

Overfull \hbox (66.22551pt too wide) in paragraph at lines 296--314
 [][] 
 []


Overfull \hbox (66.22551pt too wide) in paragraph at lines 319--345
 [][] 
 []


Overfull \hbox (66.22551pt too wide) in paragraph at lines 350--366
 [][] 
 []


Overfull \hbox (66.22551pt too wide) in paragraph at lines 372--388
 [][] 
 []


Underfull \hbox (badness 10000) in paragraph at lines 404--405

 []


Overfull \hbox (66.22551pt too wide) in paragraph at lines 393--408
 [][] 
 []


Underfull \hbox (badness 10000) in paragraph at lines 424--425

 []


Overfull \hbox (66.22551pt too wide) in paragraph at lines 413--428
 [][] 
 []


Overfull \hbox (66.22551pt too wide) in paragraph at lines 434--456
 [][] 
 []


Overfull \hbox (66.22551pt too wide) in paragraph at lines 461--481
 [][] 
 []


Overfull \hbox (66.22551pt too wide) in paragraph at lines 486--502
 [][] 
 []


Overfull \hbox (66.22551pt too wide) in paragraph at lines 507--523
 [][] 
 []


Overfull \hbox (66.22551pt too wide) in paragraph at lines 531--565
 [][] 
 []


LaTeX Warning: Float too large for page by 37.88861pt on input line 565.


Overfull \hbox (66.22551pt too wide) in paragraph at lines 570--588
 [][] 
 []


Overfull \hbox (66.22551pt too wide) in paragraph at lines 595--613
 [][] 
 []


Overfull \hbox (66.22551pt too wide) in paragraph at lines 618--641
 [][] 
 []


Underfull \hbox (badness 10000) in paragraph at lines 657--658

 []


Overfull \hbox (66.22551pt too wide) in paragraph at lines 646--661
 [][] 
 []


Overfull \hbox (66.22551pt too wide) in paragraph at lines 666--696
 [][] 
 []


LaTeX Warning: Float too large for page by 17.88861pt on input line 696.


Overfull \hbox (66.22551pt too wide) in paragraph at lines 701--730
 [][] 
 []


Underfull \hbox (badness 10000) in paragraph at lines 751--752

 []


Overfull \hbox (66.22551pt too wide) in paragraph at lines 737--755
 [][] 
 []


Underfull \hbox (badness 10000) in paragraph at lines 772--773

 []


Overfull \hbox (66.22551pt too wide) in paragraph at lines 760--776
 [][] 
 []


Overfull \hbox (66.22551pt too wide) in paragraph at lines 781--802
 [][] 
 []


Overfull \hbox (66.22551pt too wide) in paragraph at lines 810--832
 [][] 
 []


Overfull \hbox (66.22551pt too wide) in paragraph at lines 837--859
 [][] 
 []


Overfull \hbox (66.22551pt too wide) in paragraph at lines 864--886
 [][] 
 []


Overfull \hbox (66.22551pt too wide) in paragraph at lines 891--908
 [][] 
 []


Overfull \hbox (66.22551pt too wide) in paragraph at lines 915--933
 [][] 
 []


Overfull \hbox (66.22551pt too wide) in paragraph at lines 940--958
 [][] 
 []


Overfull \hbox (66.22551pt too wide) in paragraph at lines 963--988
 [][] 
 []


Overfull \hbox (66.22551pt too wide) in paragraph at lines 993--1019
 [][] 
 []


Overfull \hbox (66.22551pt too wide) in paragraph at lines 1024--1053
 [][] 
 []


Overfull \hbox (66.22551pt too wide) in paragraph at lines 1058--1078
 [][] 
 []


Overfull \hbox (66.22551pt too wide) in paragraph at lines 1085--1118
 [][] 
 []


Overfull \hbox (66.22551pt too wide) in paragraph at lines 1123--1142
 [][] 
 []


Overfull \hbox (66.22551pt too wide) in paragraph at lines 1147--1171
 [][] 
 []


Overfull \hbox (66.22551pt too wide) in paragraph at lines 1176--1193
 [][] 
 []


Overfull \hbox (66.22551pt too wide) in paragraph at lines 1198--1216
 [][] 
 []


Overfull \hbox (66.22551pt too wide) in paragraph at lines 1223--1241
 [][] 
 []


Overfull \hbox (66.22551pt too wide) in paragraph at lines 1248--1270
 [][] 
 []


Underfull \hbox (badness 10000) in paragraph at lines 1288--1289

 []


Underfull \hbox (badness 10000) in paragraph at lines 1288--1289

 []


Overfull \hbox (66.22551pt too wide) in paragraph at lines 1276--1292
 [][] 
 []


Overfull \hbox (66.22551pt too wide) in paragraph at lines 1298--1322
 [][] 
 []


Overfull \hbox (66.22551pt too wide) in paragraph at lines 1327--1345
 [][] 
 []


Overfull \hbox (66.22551pt too wide) in paragraph at lines 1351--1368
 [][] 
 []


Overfull \hbox (66.22551pt too wide) in paragraph at lines 1373--1391
 [][] 
 []


Underfull \hbox (badness 10000) in paragraph at lines 1407--1408

 []


Underfull \hbox (badness 10000) in paragraph at lines 1407--1408

 []


Overfull \hbox (66.22551pt too wide) in paragraph at lines 1396--1412
 [][] 
 []


Overfull \hbox (66.22551pt too wide) in paragraph at lines 1417--1434
 [][] 
 []


Overfull \hbox (66.22551pt too wide) in paragraph at lines 1441--1466
 [][] 
 []


Overfull \hbox (66.22551pt too wide) in paragraph at lines 1471--1505
 [][] 
 []


LaTeX Warning: Float too large for page by 99.88861pt on input line 1505.


Overfull \hbox (66.22551pt too wide) in paragraph at lines 1511--1559
 [][] 
 []


LaTeX Warning: Float too large for page by 132.11896pt on input line 1559.


Overfull \hbox (66.22551pt too wide) in paragraph at lines 1566--1584
 [][] 
 []


Overfull \hbox (66.22551pt too wide) in paragraph at lines 1590--1611
 [][] 
 []


Overfull \hbox (66.22551pt too wide) in paragraph at lines 1616--1637
 [][] 
 []


Overfull \hbox (66.22551pt too wide) in paragraph at lines 1642--1659
 [][] 
 []


Overfull \hbox (66.22551pt too wide) in paragraph at lines 1664--1681
 [][] 
 []


Overfull \hbox (66.22551pt too wide) in paragraph at lines 1686--1703
 [][] 
 []


Overfull \hbox (66.22551pt too wide) in paragraph at lines 1710--1734
 [][] 
 []


Overfull \hbox (66.22551pt too wide) in paragraph at lines 1739--1763
 [][] 
 []


Underfull \hbox (badness 10000) in paragraph at lines 1782--1783

 []


Overfull \hbox (66.22551pt too wide) in paragraph at lines 1771--1786
 [][] 
 []


Underfull \hbox (badness 10000) in paragraph at lines 1802--1803

 []


Underfull \hbox (badness 10000) in paragraph at lines 1802--1803

 []


Overfull \hbox (66.22551pt too wide) in paragraph at lines 1791--1806
 [][] 
 []


Underfull \hbox (badness 10000) in paragraph at lines 1822--1823

 []


Underfull \hbox (badness 10000) in paragraph at lines 1822--1823

 []


Overfull \hbox (66.22551pt too wide) in paragraph at lines 1811--1826
 [][] 
 []


Overfull \hbox (66.22551pt too wide) in paragraph at lines 1832--1854
 [][] 
 []


Overfull \hbox (66.22551pt too wide) in paragraph at lines 1862--1884
 [][] 
 []


Overfull \hbox (66.22551pt too wide) in paragraph at lines 1892--1914
 [][] 
 []


Overfull \hbox (66.22551pt too wide) in paragraph at lines 1919--1937
 [][] 
 []


Underfull \hbox (badness 10000) in paragraph at lines 1954--1955

 []


Overfull \hbox (66.22551pt too wide) in paragraph at lines 1942--1958
 [][] 
 []

[51] [52] [53] [54] [55] [56] [57] [58] [59] [60] [61] [62] [63] [64] [65] [66] [67] [68] [69] [70] [71] [72] [73] [74] [75] [76] [77] [78] [79] [80] [81] [82] [83] [84] [85] [86] [87] [88] [89] [90] [91] [92] [93] [94] [95] [96] [97] [98] [99] [100] [101] [102] [103] [104] [105] [106] [107] [108] [109] [110] [111] [112] [113] [114]
Underfull \hbox (badness 10000) in paragraph at lines 1965--1975

 []


Overfull \hbox (41.03304pt too wide) in paragraph at lines 1965--1975
[] 
 []

) [115
\indexentry{Index|hyperpage}{115}
] (/Users/alessio/Developer/Other/NexiFy/Contents/StimaDeiCosti.tex
\c@ucCostCounter=\count296

Overfull \hbox (32.12355pt too wide) in paragraph at lines 20--27
 [][] 
 []

LaTeX Font Info:    Trying to load font information for OML+lmr on input line 35.
(/usr/local/texlive/2019basic/texmf-dist/tex/latex/lm/omllmr.fd
File: omllmr.fd 2009/10/30 v1.6 Font defs for Latin Modern
)
LaTeX Font Info:    Font shape `OML/lmr/m/n' in size <10> not available
(Font)              Font shape `OML/lmm/m/it' tried instead on input line 35.

Overfull \hbox (32.12355pt too wide) in paragraph at lines 32--39
 [][] 
 []


Overfull \hbox (32.12355pt too wide) in paragraph at lines 45--57
 [][] 
 []

[116] [117]
Overfull \hbox (35.69049pt too wide) in alignment at lines 61--83
 [] [] [] 
 []


Overfull \hbox (35.69049pt too wide) in alignment at lines 83--103
 [] [] [] 
 []


Overfull \hbox (35.69049pt too wide) in alignment at lines 103--123
 [] [] [] 
 []

[118

] [119]
Overfull \hbox (35.69049pt too wide) in alignment at lines 123--129
 [] [] [] 
 []

[120]
Overfull \hbox (83.42154pt too wide) in paragraph at lines 135--152
 [][] 
 []


Overfull \hbox (83.42154pt too wide) in paragraph at lines 159--171
 [][] 
 []

[121] [122] [123]
Underfull \hbox (badness 10000) in paragraph at lines 192--200

 []

)
Package atveryend Info: Empty hook `BeforeClearDocument' on input line 103.
 [124


\indexentry{Index|hyperpage}{124}
]
Package atveryend Info: Empty hook `AfterLastShipout' on input line 103.
 (/Users/alessio/Developer/Other/NexiFy/main.aux)
Package atveryend Info: Executing hook `AtVeryEndDocument' on input line 103.
Package atveryend Info: Executing hook `AtEndAfterFileList' on input line 103.
Package rerunfilecheck Info: File `main.out' has not changed.
(rerunfilecheck)             Checksum: 1470D791FAC43E22CB61F21274B214A4;2099.
Package atveryend Info: Empty hook `AtVeryVeryEnd' on input line 103.
 ) 
Here is how much of TeX's memory you used:
 10191 strings out of 482692
 155013 string characters out of 5952019
 756807 words of memory out of 5000000
 24328 multiletter control sequences out of 15000+600000
 597580 words of font info for 58 fonts, out of 8000000 for 9000
 319 hyphenation exceptions out of 8191
 250i,16n,245p,933b,833s stack positions out of 5000i,500n,10000p,200000b,80000s
{/usr/local/texlive/2019basic/texmf-dist/fonts/enc/dvips/lm/lm-mathsy.enc}{/usr/local/texlive/2019basic/texmf-dist/fonts/enc/dvips/lm/lm-mathit.enc}{/usr/local/texlive/2019basic/texmf-dist/fonts/enc/dvips/lm/lm-mathex.enc}{/usr/local/texlive/2019basic/texmf-dist/fonts/enc/dvips/lm/lm-rm.enc}{/usr/local/texlive/2019basic/texmf-dist/fonts/enc/dvips/lm/lm-ts1.enc}</usr/local/texlive/2019basic/texmf-dist/fonts/type1/public/eurosym/feymr10.pfb></usr/local/texlive/2019basic/texmf-dist/fonts/type1/public/lm/lmbx10.pfb></usr/local/texlive/2019basic/texmf-dist/fonts/type1/public/lm/lmbx12.pfb></usr/local/texlive/2019basic/texmf-dist/fonts/type1/public/lm/lmbxi10.pfb></usr/local/texlive/2019basic/texmf-dist/fonts/type1/public/lm/lmex10.pfb></usr/local/texlive/2019basic/texmf-dist/fonts/type1/public/lm/lmmi10.pfb></usr/local/texlive/2019basic/texmf-dist/fonts/type1/public/lm/lmmi5.pfb></usr/local/texlive/2019basic/texmf-dist/fonts/type1/public/lm/lmmi7.pfb></usr/local/texlive/2019basic/texmf-dist/fonts/type1/public/lm/lmr10.pfb></usr/local/texlive/2019basic/texmf-dist/fonts/type1/public/lm/lmr12.pfb></usr/local/texlive/2019basic/texmf-dist/fonts/type1/public/lm/lmr8.pfb></usr/local/texlive/2019basic/texmf-dist/fonts/type1/public/lm/lmri10.pfb></usr/local/texlive/2019basic/texmf-dist/fonts/type1/public/lm/lmri12.pfb></usr/local/texlive/2019basic/texmf-dist/fonts/type1/public/lm/lmss17.pfb></usr/local/texlive/2019basic/texmf-dist/fonts/type1/public/lm/lmsy10.pfb></usr/local/texlive/2019basic/texmf-dist/fonts/type1/public/lm/lmsy5.pfb>
Output written on /Users/alessio/Developer/Other/NexiFy/main.pdf (124 pages, 1035849 bytes).
PDF statistics:
 1458 PDF objects out of 1728 (max. 8388607)
 1298 compressed objects within 13 object streams
 661 named destinations out of 1000 (max. 500000)
 272 words of extra memory for PDF output out of 10000 (max. 10000000)

