\BOOKMARK [1][-]{section.1}{Glossario}{}% 1
\BOOKMARK [1][-]{section.2}{Visione del Sistema}{}% 2
\BOOKMARK [2][-]{subsection.2.1}{Configurazione del Sistema alla Consegna}{section.2}% 3
\BOOKMARK [2][-]{subsection.2.2}{Vincoli}{section.2}% 4
\BOOKMARK [1][-]{section.3}{Studio di Fattibilit\340}{}% 5
\BOOKMARK [2][-]{subsection.3.1}{Aspetto tecnologico}{section.3}% 6
\BOOKMARK [2][-]{subsection.3.2}{Aspetto Economico}{section.3}% 7
\BOOKMARK [3][-]{subsubsection.3.2.1}{Vantaggi del sistema}{subsection.3.2}% 8
\BOOKMARK [3][-]{subsubsection.3.2.2}{Stima dei costi}{subsection.3.2}% 9
\BOOKMARK [1][-]{section.4}{Contratto}{}% 10
\BOOKMARK [2][-]{subsection.4.1}{Descrizione del Sistema}{section.4}% 11
\BOOKMARK [3][-]{subsubsection.4.1.1}{Introduzione}{subsection.4.1}% 12
\BOOKMARK [3][-]{subsubsection.4.1.2}{Interazione con gli utenti}{subsection.4.1}% 13
\BOOKMARK [3][-]{subsubsection.4.1.3}{Accesso alla piattaforma}{subsection.4.1}% 14
\BOOKMARK [3][-]{subsubsection.4.1.4}{Pubblicazione dei contenuti}{subsection.4.1}% 15
\BOOKMARK [1][-]{section.5}{Pianificazione del Progetto}{}% 16
\BOOKMARK [2][-]{subsection.5.1}{Introduzione}{section.5}% 17
\BOOKMARK [2][-]{subsection.5.2}{Piano}{section.5}% 18
\BOOKMARK [2][-]{subsection.5.3}{Iterazioni}{section.5}% 19
\BOOKMARK [2][-]{subsection.5.4}{Diagramma di Gantt}{section.5}% 20
\BOOKMARK [1][-]{section.6}{Analisi dei Requisiti}{}% 21
\BOOKMARK [2][-]{subsection.6.1}{Requisiti sui dati}{section.6}% 22
\BOOKMARK [2][-]{subsection.6.2}{Requisiti Funzionali}{section.6}% 23
\BOOKMARK [2][-]{subsection.6.3}{Requisiti Non Funzionali}{section.6}% 24
\BOOKMARK [1][-]{section.7}{Gestione dei Rischi}{}% 25
\BOOKMARK [1][-]{section.8}{Modello degli Use-Case}{}% 26
\BOOKMARK [2][-]{subsection.8.1}{Introduzione}{section.8}% 27
\BOOKMARK [2][-]{subsection.8.2}{Legenda}{section.8}% 28
\BOOKMARK [2][-]{subsection.8.3}{Specifica Attori}{section.8}% 29
\BOOKMARK [2][-]{subsection.8.4}{Specifica Use Case}{section.8}% 30
